<?xml version="1.0" encoding="UTF-8"?>
<!-- Generated by org.testng.reporters.JUnitXMLReporter -->
<testsuite ignored="0" hostname="WINDOWS-1TQF3AJ" failures="0" tests="1" name="UpsTrackingPageTest(failed)" time="2.992" errors="0" timestamp="2020-12-11T11:09:55 CST">
  <testcase classname="com.ups.testRunner.UpsTrackingTestRunner" name="@BeforeTest beforeMethod" time="0.927">
    <failure type="java.lang.NoSuchMethodError" message="&amp;apos;void org.slf4j.spi.LocationAwareLogger.log(org.slf4j.Marker, java.lang.String, int, java.lang.String, java.lang.Throwable)&amp;apos;">
      <![CDATA[java.lang.NoSuchMethodError: 'void org.slf4j.spi.LocationAwareLogger.log(org.slf4j.Marker, java.lang.String, int, java.lang.String, java.lang.Throwable)'
at org.apache.commons.logging.impl.SLF4JLocationAwareLog.debug(SLF4JLocationAwareLog.java:120)
at org.apache.http.client.protocol.RequestAddCookies.process(RequestAddCookies.java:123)
at org.apache.http.protocol.ImmutableHttpProcessor.process(ImmutableHttpProcessor.java:133)
at org.apache.http.impl.execchain.ProtocolExec.execute(ProtocolExec.java:183)
at org.apache.http.impl.execchain.RetryExec.execute(RetryExec.java:89)
at org.apache.http.impl.execchain.RedirectExec.execute(RedirectExec.java:110)
at org.apache.http.impl.client.InternalHttpClient.doExecute(InternalHttpClient.java:185)
at org.apache.http.impl.client.CloseableHttpClient.execute(CloseableHttpClient.java:83)
at org.apache.http.impl.client.CloseableHttpClient.execute(CloseableHttpClient.java:108)
at io.github.bonigarcia.wdm.HttpClient.execute(HttpClient.java:169)
at io.github.bonigarcia.wdm.ChromeDriverManager.getLatestVersion(ChromeDriverManager.java:118)
at io.github.bonigarcia.wdm.WebDriverManager.manage(WebDriverManager.java:523)
at io.github.bonigarcia.wdm.WebDriverManager.setup(WebDriverManager.java:260)
at com.ups.drivers.UpsDrivers.getChromeDriver(UpsDrivers.java:14)
at com.ups.testRunner.UpsTrackingTestRunner.beforeMethod(UpsTrackingTestRunner.java:22)
... Removed 24 stack frames]]>
    </failure>
  </testcase> <!-- @BeforeTest beforeMethod -->
  <testcase classname="com.ups.testRunner.UpsTrackingTestRunner" name="@AfterTest afterMethod" time="2.009">
    <failure type="java.lang.NullPointerException" message="Cannot invoke &amp;quot;org.openqa.selenium.WebDriver.close()&amp;quot; because &amp;quot;this.driver&amp;quot; is null">
      <![CDATA[java.lang.NullPointerException: Cannot invoke "org.openqa.selenium.WebDriver.close()" because "this.driver" is null
at com.ups.testRunner.UpsTrackingTestRunner.afterMethod(UpsTrackingTestRunner.java:57)
... Removed 24 stack frames]]>
    </failure>
  </testcase> <!-- @AfterTest afterMethod -->
  <testcase classname="com.ups.testRunner.UpsTrackingTestRunner" name="trackingErrorMsgTest" time="0.0">
    <skipped/>
  </testcase> <!-- trackingErrorMsgTest -->
</testsuite> <!-- UpsTrackingPageTest(failed) -->
